2021-10-07 00:58:13,650 | train | INFO | Write row 0
2021-10-07 00:58:14,894 | train | INFO | Model saved: F:\aifarm_baseline\results\train\tf_efficientnet_b6_ns_20211007004927\model.pt
2021-10-07 00:58:14,894 | train | INFO | Update best record row 1, checkpoints inf -> 0.23169238384640803
2021-10-07 00:58:15,737 | train | INFO | Save performance plot F:\aifarm_baseline\results\train\tf_efficientnet_b6_ns_20211007004927
2021-10-07 00:58:16,898 | train | INFO | Model saved: F:\aifarm_baseline\results\train\tf_efficientnet_b6_ns_20211007004927\best.pt
2021-10-07 01:06:59,482 | train | INFO | Write row 1
2021-10-07 01:07:00,731 | train | INFO | Model saved: F:\aifarm_baseline\results\train\tf_efficientnet_b6_ns_20211007004927\best.pt
2021-10-07 01:07:00,733 | train | INFO | Update best record row 2, checkpoints 0.23169238384640803 -> 0.07923195702548683
2021-10-07 01:07:01,439 | train | INFO | Save performance plot F:\aifarm_baseline\results\train\tf_efficientnet_b6_ns_20211007004927
2021-10-07 01:07:01,440 | train | INFO | Early stopper, counter reset 0, Validation loss decreased 0.23169238384640803 -> 0.07923195702548683
2021-10-07 01:07:02,668 | train | INFO | Model saved: F:\aifarm_baseline\results\train\tf_efficientnet_b6_ns_20211007004927\best.pt
2021-10-07 01:15:50,137 | train | INFO | Write row 2
2021-10-07 01:15:51,359 | train | INFO | Model saved: F:\aifarm_baseline\results\train\tf_efficientnet_b6_ns_20211007004927\best.pt
2021-10-07 01:15:51,360 | train | INFO | Update best record row 3, checkpoints 0.07923195702548683 -> 0.07143159172300187
2021-10-07 01:15:52,157 | train | INFO | Save performance plot F:\aifarm_baseline\results\train\tf_efficientnet_b6_ns_20211007004927
2021-10-07 01:15:52,158 | train | INFO | Early stopper, counter reset 0, Validation loss decreased 0.07923195702548683 -> 0.07143159172300187
2021-10-07 01:15:53,369 | train | INFO | Model saved: F:\aifarm_baseline\results\train\tf_efficientnet_b6_ns_20211007004927\best.pt
2021-10-07 01:24:35,683 | train | INFO | Write row 3
2021-10-07 01:24:36,960 | train | INFO | Model saved: F:\aifarm_baseline\results\train\tf_efficientnet_b6_ns_20211007004927\best.pt
2021-10-07 01:24:36,960 | train | INFO | Update best record row 4, checkpoints 0.07143159172300187 -> 0.045317090215381654
2021-10-07 01:24:37,636 | train | INFO | Save performance plot F:\aifarm_baseline\results\train\tf_efficientnet_b6_ns_20211007004927
2021-10-07 01:24:37,637 | train | INFO | Early stopper, counter reset 0, Validation loss decreased 0.07143159172300187 -> 0.045317090215381654
2021-10-07 01:24:38,925 | train | INFO | Model saved: F:\aifarm_baseline\results\train\tf_efficientnet_b6_ns_20211007004927\best.pt
2021-10-07 01:33:34,125 | train | INFO | Write row 4
2021-10-07 01:33:34,864 | train | INFO | Save performance plot F:\aifarm_baseline\results\train\tf_efficientnet_b6_ns_20211007004927
2021-10-07 01:33:34,865 | train | INFO | Early stopper, Early stopping counter 1/6
2021-10-07 01:42:28,445 | train | INFO | Write row 5
2021-10-07 01:42:29,666 | train | INFO | Model saved: F:\aifarm_baseline\results\train\tf_efficientnet_b6_ns_20211007004927\best.pt
2021-10-07 01:42:29,666 | train | INFO | Update best record row 6, checkpoints 0.045317090215381654 -> 0.03758508816770311
2021-10-07 01:42:30,364 | train | INFO | Save performance plot F:\aifarm_baseline\results\train\tf_efficientnet_b6_ns_20211007004927
2021-10-07 01:42:30,365 | train | INFO | Early stopper, counter reset 0, Validation loss decreased 0.045317090215381654 -> 0.03758508816770311
2021-10-07 01:42:31,626 | train | INFO | Model saved: F:\aifarm_baseline\results\train\tf_efficientnet_b6_ns_20211007004927\best.pt
2021-10-07 01:51:18,756 | train | INFO | Write row 6
2021-10-07 01:51:19,471 | train | INFO | Save performance plot F:\aifarm_baseline\results\train\tf_efficientnet_b6_ns_20211007004927
2021-10-07 01:51:19,472 | train | INFO | Early stopper, Early stopping counter 1/6
2021-10-07 02:00:07,335 | train | INFO | Write row 7
2021-10-07 02:00:08,110 | train | INFO | Save performance plot F:\aifarm_baseline\results\train\tf_efficientnet_b6_ns_20211007004927
2021-10-07 02:00:08,110 | train | INFO | Early stopper, Early stopping counter 2/6
2021-10-07 02:08:54,599 | train | INFO | Write row 8
2021-10-07 02:08:55,390 | train | INFO | Save performance plot F:\aifarm_baseline\results\train\tf_efficientnet_b6_ns_20211007004927
2021-10-07 02:08:55,391 | train | INFO | Early stopper, Early stopping counter 3/6
2021-10-07 02:17:43,046 | train | INFO | Write row 9
2021-10-07 02:17:44,323 | train | INFO | Model saved: F:\aifarm_baseline\results\train\tf_efficientnet_b6_ns_20211007004927\best.pt
2021-10-07 02:17:44,323 | train | INFO | Update best record row 10, checkpoints 0.03758508816770311 -> 0.028452304453300076
2021-10-07 02:17:44,997 | train | INFO | Save performance plot F:\aifarm_baseline\results\train\tf_efficientnet_b6_ns_20211007004927
2021-10-07 02:17:44,997 | train | INFO | Early stopper, counter reset 0, Validation loss decreased 0.03758508816770311 -> 0.028452304453300076
2021-10-07 02:17:46,214 | train | INFO | Model saved: F:\aifarm_baseline\results\train\tf_efficientnet_b6_ns_20211007004927\best.pt
2021-10-07 02:26:35,445 | train | INFO | Write row 10
2021-10-07 02:26:36,175 | train | INFO | Save performance plot F:\aifarm_baseline\results\train\tf_efficientnet_b6_ns_20211007004927
2021-10-07 02:26:36,175 | train | INFO | Early stopper, Early stopping counter 1/6
2021-10-07 02:35:27,193 | train | INFO | Write row 11
2021-10-07 02:35:28,402 | train | INFO | Model saved: F:\aifarm_baseline\results\train\tf_efficientnet_b6_ns_20211007004927\best.pt
2021-10-07 02:35:28,403 | train | INFO | Update best record row 12, checkpoints 0.028452304453300076 -> 0.024790397126040496
2021-10-07 02:35:29,142 | train | INFO | Save performance plot F:\aifarm_baseline\results\train\tf_efficientnet_b6_ns_20211007004927
2021-10-07 02:35:29,143 | train | INFO | Early stopper, counter reset 0, Validation loss decreased 0.028452304453300076 -> 0.024790397126040496
2021-10-07 02:35:30,464 | train | INFO | Model saved: F:\aifarm_baseline\results\train\tf_efficientnet_b6_ns_20211007004927\best.pt
2021-10-07 02:44:27,551 | train | INFO | Write row 12
2021-10-07 02:44:28,871 | train | INFO | Model saved: F:\aifarm_baseline\results\train\tf_efficientnet_b6_ns_20211007004927\best.pt
2021-10-07 02:44:28,872 | train | INFO | Update best record row 13, checkpoints 0.024790397126040496 -> 0.022680763818502328
2021-10-07 02:44:29,575 | train | INFO | Save performance plot F:\aifarm_baseline\results\train\tf_efficientnet_b6_ns_20211007004927
2021-10-07 02:44:29,576 | train | INFO | Early stopper, counter reset 0, Validation loss decreased 0.024790397126040496 -> 0.022680763818502328
2021-10-07 02:44:30,790 | train | INFO | Model saved: F:\aifarm_baseline\results\train\tf_efficientnet_b6_ns_20211007004927\best.pt
2021-10-07 02:53:19,917 | train | INFO | Write row 13
2021-10-07 02:53:20,627 | train | INFO | Save performance plot F:\aifarm_baseline\results\train\tf_efficientnet_b6_ns_20211007004927
2021-10-07 02:53:20,628 | train | INFO | Early stopper, Early stopping counter 1/6
2021-10-07 03:02:13,680 | train | INFO | Write row 14
2021-10-07 03:02:14,409 | train | INFO | Save performance plot F:\aifarm_baseline\results\train\tf_efficientnet_b6_ns_20211007004927
2021-10-07 03:02:14,409 | train | INFO | Early stopper, Early stopping counter 2/6
2021-10-07 03:11:03,747 | train | INFO | Write row 15
2021-10-07 03:11:04,453 | train | INFO | Save performance plot F:\aifarm_baseline\results\train\tf_efficientnet_b6_ns_20211007004927
2021-10-07 03:11:04,454 | train | INFO | Early stopper, Early stopping counter 3/6
2021-10-07 03:19:49,261 | train | INFO | Write row 16
2021-10-07 03:19:49,973 | train | INFO | Save performance plot F:\aifarm_baseline\results\train\tf_efficientnet_b6_ns_20211007004927
2021-10-07 03:19:49,973 | train | INFO | Early stopper, Early stopping counter 4/6
2021-10-07 03:28:44,596 | train | INFO | Write row 17
2021-10-07 03:28:45,337 | train | INFO | Save performance plot F:\aifarm_baseline\results\train\tf_efficientnet_b6_ns_20211007004927
2021-10-07 03:28:45,337 | train | INFO | Early stopper, Early stopping counter 5/6
2021-10-07 03:37:36,100 | train | INFO | Write row 18
2021-10-07 03:37:36,849 | train | INFO | Save performance plot F:\aifarm_baseline\results\train\tf_efficientnet_b6_ns_20211007004927
2021-10-07 03:37:36,850 | train | INFO | Early stopper, Early stopping counter 6/6
